2023-04-04 09:24:53.633  INFO 4932 --- [restartedMain] c.a.a.AttendanceSpringbootApplication    : Starting AttendanceSpringbootApplication using Java 11.0.18 on DESKTOP-Q6CFLST with PID 4932 (F:\study\code\MobileAttendance\attendance_springboot\target\classes started by xulili in F:\study\code\MobileAttendance\attendance_springboot)
2023-04-04 09:24:53.637  INFO 4932 --- [restartedMain] c.a.a.AttendanceSpringbootApplication    : No active profile set, falling back to 1 default profile: "default"
2023-04-04 09:24:53.792  INFO 4932 --- [restartedMain] .e.DevToolsPropertyDefaultsPostProcessor : Devtools property defaults active! Set 'spring.devtools.add-properties' to 'false' to disable
2023-04-04 09:24:53.793  INFO 4932 --- [restartedMain] .e.DevToolsPropertyDefaultsPostProcessor : For additional web related logging consider setting the 'logging.level.web' property to 'DEBUG'
2023-04-04 09:25:02.692  INFO 4932 --- [restartedMain] o.s.b.w.embedded.tomcat.TomcatWebServer  : Tomcat initialized with port(s): 8433 (https)
2023-04-04 09:25:02.729  INFO 4932 --- [restartedMain] o.apache.catalina.core.StandardService   : Starting service [Tomcat]
2023-04-04 09:25:02.730  INFO 4932 --- [restartedMain] org.apache.catalina.core.StandardEngine  : Starting Servlet engine: [Apache Tomcat/9.0.68]
2023-04-04 09:25:02.958  INFO 4932 --- [restartedMain] o.a.c.c.C.[Tomcat].[localhost].[/]       : Initializing Spring embedded WebApplicationContext
2023-04-04 09:25:02.959  INFO 4932 --- [restartedMain] w.s.c.ServletWebServerApplicationContext : Root WebApplicationContext: initialization completed in 9164 ms
2023-04-04 09:25:06.846  WARN 4932 --- [restartedMain] c.b.m.core.metadata.TableInfoHelper      : Can not find table primary key in Class: "com.as.attendance_springboot.model.Notice".
2023-04-04 09:25:06.865  WARN 4932 --- [restartedMain] c.b.m.core.injector.DefaultSqlInjector   : class com.as.attendance_springboot.model.Notice ,Not found @TableId annotation, Cannot use Mybatis-Plus 'xxById' Method.
2023-04-04 09:25:09.059  INFO 4932 --- [restartedMain] o.s.b.d.a.OptionalLiveReloadServer       : LiveReload server is running on port 35729
2023-04-04 09:25:12.625  INFO 4932 --- [restartedMain] o.s.b.w.embedded.tomcat.TomcatWebServer  : Tomcat started on port(s): 8433 (https) with context path ''
2023-04-04 09:25:13.415  WARN 4932 --- [restartedMain] d.s.r.o.OperationImplicitParameterReader : Unable to interpret the implicit parameter configuration with dataType: , dataTypeClass: class java.lang.Void
2023-04-04 09:25:13.616  WARN 4932 --- [restartedMain] d.s.r.o.OperationImplicitParameterReader : Unable to interpret the implicit parameter configuration with dataType: , dataTypeClass: class java.lang.Void
2023-04-04 09:25:13.682  WARN 4932 --- [restartedMain] d.s.r.o.OperationImplicitParameterReader : Unable to interpret the implicit parameter configuration with dataType: , dataTypeClass: class java.lang.Void
2023-04-04 09:25:13.683  WARN 4932 --- [restartedMain] d.s.r.o.OperationImplicitParameterReader : Unable to interpret the implicit parameter configuration with dataType: , dataTypeClass: class java.lang.Void
2023-04-04 09:25:13.832  INFO 4932 --- [restartedMain] c.a.a.AttendanceSpringbootApplication    : Started AttendanceSpringbootApplication in 22.623 seconds (JVM running for 31.913)
2023-04-04 09:26:42.025  INFO 4932 --- [https-jsse-nio-8433-exec-6] o.a.c.c.C.[Tomcat].[localhost].[/]       : Initializing Spring DispatcherServlet 'dispatcherServlet'
2023-04-04 09:26:42.026  INFO 4932 --- [https-jsse-nio-8433-exec-6] o.s.web.servlet.DispatcherServlet        : Initializing Servlet 'dispatcherServlet'
2023-04-04 09:26:42.028  INFO 4932 --- [https-jsse-nio-8433-exec-6] o.s.web.servlet.DispatcherServlet        : Completed initialization in 2 ms
2023-04-04 09:26:42.134  INFO 4932 --- [https-jsse-nio-8433-exec-6] c.a.a.controller.NoticeController        : 传入notice=Notice(nId=1, nTitle=第二个标题, nContent=第二个标题内容, nDatetime=null)
2023-04-04 09:26:42.292  INFO 4932 --- [https-jsse-nio-8433-exec-6] com.zaxxer.hikari.HikariDataSource       : HikariPool-1 - Starting...
2023-04-04 09:26:42.650  INFO 4932 --- [https-jsse-nio-8433-exec-6] com.zaxxer.hikari.HikariDataSource       : HikariPool-1 - Start completed.
2023-04-04 09:26:42.666 DEBUG 4932 --- [https-jsse-nio-8433-exec-6] c.a.a.mapper.NoticeMapper.update         : ==>  Preparing: UPDATE notice SET n_id=?, n_title=?, n_content=?, n_id=?
2023-04-04 09:26:42.712 DEBUG 4932 --- [https-jsse-nio-8433-exec-6] c.a.a.mapper.NoticeMapper.update         : ==> Parameters: 1(Integer), 第二个标题(String), 第二个标题内容(String), 1(Integer)
2023-04-04 09:28:14.810  INFO 4932 --- [File Watcher] rtingClassPathChangeChangedEventListener : Restarting due to 1 class path change (0 additions, 1 deletion, 0 modifications)
2023-04-04 09:28:16.138  INFO 4932 --- [Thread-4] o.apache.catalina.core.StandardService   : Stopping service [Tomcat]
2023-04-04 09:28:16.184  INFO 4932 --- [Thread-4] o.a.c.c.C.[Tomcat].[localhost].[/]       : Destroying Spring FrameworkServlet 'dispatcherServlet'
2023-04-04 09:28:16.279  WARN 4932 --- [Thread-4] o.a.c.loader.WebappClassLoaderBase       : The web application [ROOT] appears to have started a thread named [HikariPool-1 housekeeper] but has failed to stop it. This is very likely to create a memory leak. Stack trace of thread:
 java.base@11.0.18/jdk.internal.misc.Unsafe.park(Native Method)
 java.base@11.0.18/java.util.concurrent.locks.LockSupport.parkNanos(LockSupport.java:234)
 java.base@11.0.18/java.util.concurrent.locks.AbstractQueuedSynchronizer$ConditionObject.awaitNanos(AbstractQueuedSynchronizer.java:2123)
 java.base@11.0.18/java.util.concurrent.ScheduledThreadPoolExecutor$DelayedWorkQueue.take(ScheduledThreadPoolExecutor.java:1182)
 java.base@11.0.18/java.util.concurrent.ScheduledThreadPoolExecutor$DelayedWorkQueue.take(ScheduledThreadPoolExecutor.java:899)
 java.base@11.0.18/java.util.concurrent.ThreadPoolExecutor.getTask(ThreadPoolExecutor.java:1054)
 java.base@11.0.18/java.util.concurrent.ThreadPoolExecutor.runWorker(ThreadPoolExecutor.java:1114)
 java.base@11.0.18/java.util.concurrent.ThreadPoolExecutor$Worker.run(ThreadPoolExecutor.java:628)
 java.base@11.0.18/java.lang.Thread.run(Thread.java:829)
2023-04-04 09:28:16.444  INFO 4932 --- [Thread-4] com.zaxxer.hikari.HikariDataSource       : HikariPool-1 - Shutdown initiated...
2023-04-04 09:28:16.587  INFO 4932 --- [Thread-4] com.zaxxer.hikari.HikariDataSource       : HikariPool-1 - Shutdown completed.
2023-04-04 09:28:17.702  INFO 4932 --- [restartedMain] c.a.a.AttendanceSpringbootApplication    : Starting AttendanceSpringbootApplication using Java 11.0.18 on DESKTOP-Q6CFLST with PID 4932 (F:\study\code\MobileAttendance\attendance_springboot\target\classes started by xulili in F:\study\code\MobileAttendance\attendance_springboot)
2023-04-04 09:28:17.703  INFO 4932 --- [restartedMain] c.a.a.AttendanceSpringbootApplication    : No active profile set, falling back to 1 default profile: "default"
2023-04-04 09:28:19.204  INFO 4932 --- [restartedMain] o.s.b.w.embedded.tomcat.TomcatWebServer  : Tomcat initialized with port(s): 8433 (https)
2023-04-04 09:28:19.207  INFO 4932 --- [restartedMain] o.apache.catalina.core.StandardService   : Starting service [Tomcat]
2023-04-04 09:28:19.208  INFO 4932 --- [restartedMain] org.apache.catalina.core.StandardEngine  : Starting Servlet engine: [Apache Tomcat/9.0.68]
2023-04-04 09:28:19.273  INFO 4932 --- [restartedMain] o.a.c.c.C.[Tomcat].[localhost].[/]       : Initializing Spring embedded WebApplicationContext
2023-04-04 09:28:19.273  INFO 4932 --- [restartedMain] w.s.c.ServletWebServerApplicationContext : Root WebApplicationContext: initialization completed in 1557 ms
2023-04-04 09:28:20.786  WARN 4932 --- [restartedMain] c.b.m.core.metadata.TableInfoHelper      : Can not find table primary key in Class: "com.as.attendance_springboot.model.Notice".
2023-04-04 09:28:20.786  WARN 4932 --- [restartedMain] c.b.m.core.injector.DefaultSqlInjector   : class com.as.attendance_springboot.model.Notice ,Not found @TableId annotation, Cannot use Mybatis-Plus 'xxById' Method.
2023-04-04 09:28:21.268  INFO 4932 --- [restartedMain] o.s.b.d.a.OptionalLiveReloadServer       : LiveReload server is running on port 35729
2023-04-04 09:28:22.854  INFO 4932 --- [restartedMain] o.s.b.w.embedded.tomcat.TomcatWebServer  : Tomcat started on port(s): 8433 (https) with context path ''
2023-04-04 09:28:22.890  INFO 4932 --- [restartedMain] c.a.a.AttendanceSpringbootApplication    : Started AttendanceSpringbootApplication in 5.342 seconds (JVM running for 220.971)
2023-04-04 09:28:22.897  INFO 4932 --- [restartedMain] .ConditionEvaluationDeltaLoggingListener : Condition evaluation unchanged
2023-04-04 09:28:28.153  INFO 4932 --- [File Watcher] rtingClassPathChangeChangedEventListener : Restarting due to 1 class path change (1 addition, 0 deletions, 0 modifications)
2023-04-04 09:28:28.921  INFO 4932 --- [Thread-7] o.apache.catalina.core.StandardService   : Stopping service [Tomcat]
2023-04-04 09:28:29.227  INFO 4932 --- [restartedMain] c.a.a.AttendanceSpringbootApplication    : Starting AttendanceSpringbootApplication using Java 11.0.18 on DESKTOP-Q6CFLST with PID 4932 (F:\study\code\MobileAttendance\attendance_springboot\target\classes started by xulili in F:\study\code\MobileAttendance\attendance_springboot)
2023-04-04 09:28:29.228  INFO 4932 --- [restartedMain] c.a.a.AttendanceSpringbootApplication    : No active profile set, falling back to 1 default profile: "default"
2023-04-04 09:28:30.236  INFO 4932 --- [restartedMain] o.s.b.w.embedded.tomcat.TomcatWebServer  : Tomcat initialized with port(s): 8433 (https)
2023-04-04 09:28:30.238  INFO 4932 --- [restartedMain] o.apache.catalina.core.StandardService   : Starting service [Tomcat]
2023-04-04 09:28:30.238  INFO 4932 --- [restartedMain] org.apache.catalina.core.StandardEngine  : Starting Servlet engine: [Apache Tomcat/9.0.68]
2023-04-04 09:28:30.295  INFO 4932 --- [restartedMain] o.a.c.c.C.[Tomcat].[localhost].[/]       : Initializing Spring embedded WebApplicationContext
2023-04-04 09:28:30.296  INFO 4932 --- [restartedMain] w.s.c.ServletWebServerApplicationContext : Root WebApplicationContext: initialization completed in 1063 ms
2023-04-04 09:28:31.285  WARN 4932 --- [restartedMain] c.b.m.core.metadata.TableInfoHelper      : Can not find table primary key in Class: "com.as.attendance_springboot.model.Notice".
2023-04-04 09:28:31.285  WARN 4932 --- [restartedMain] c.b.m.core.injector.DefaultSqlInjector   : class com.as.attendance_springboot.model.Notice ,Not found @TableId annotation, Cannot use Mybatis-Plus 'xxById' Method.
2023-04-04 09:28:31.619  INFO 4932 --- [restartedMain] o.s.b.d.a.OptionalLiveReloadServer       : LiveReload server is running on port 35729
2023-04-04 09:28:32.624  INFO 4932 --- [restartedMain] o.s.b.w.embedded.tomcat.TomcatWebServer  : Tomcat started on port(s): 8433 (https) with context path ''
2023-04-04 09:28:32.677  WARN 4932 --- [restartedMain] d.s.r.o.OperationImplicitParameterReader : Unable to interpret the implicit parameter configuration with dataType: , dataTypeClass: class java.lang.Void
2023-04-04 09:28:32.688  WARN 4932 --- [restartedMain] d.s.r.o.OperationImplicitParameterReader : Unable to interpret the implicit parameter configuration with dataType: , dataTypeClass: class java.lang.Void
2023-04-04 09:28:32.706  WARN 4932 --- [restartedMain] d.s.r.o.OperationImplicitParameterReader : Unable to interpret the implicit parameter configuration with dataType: , dataTypeClass: class java.lang.Void
2023-04-04 09:28:32.706  WARN 4932 --- [restartedMain] d.s.r.o.OperationImplicitParameterReader : Unable to interpret the implicit parameter configuration with dataType: , dataTypeClass: class java.lang.Void
2023-04-04 09:28:32.722  INFO 4932 --- [restartedMain] c.a.a.AttendanceSpringbootApplication    : Started AttendanceSpringbootApplication in 3.569 seconds (JVM running for 230.804)
2023-04-04 09:28:32.726  INFO 4932 --- [restartedMain] .ConditionEvaluationDeltaLoggingListener : Condition evaluation unchanged
2023-04-04 09:29:44.682  INFO 13020 --- [restartedMain] c.a.a.AttendanceSpringbootApplication    : Starting AttendanceSpringbootApplication using Java 11.0.18 on DESKTOP-Q6CFLST with PID 13020 (F:\study\code\MobileAttendance\attendance_springboot\target\classes started by xulili in F:\study\code\MobileAttendance\attendance_springboot)
2023-04-04 09:29:44.688  INFO 13020 --- [restartedMain] c.a.a.AttendanceSpringbootApplication    : No active profile set, falling back to 1 default profile: "default"
2023-04-04 09:29:44.887  INFO 13020 --- [restartedMain] .e.DevToolsPropertyDefaultsPostProcessor : Devtools property defaults active! Set 'spring.devtools.add-properties' to 'false' to disable
2023-04-04 09:29:44.887  INFO 13020 --- [restartedMain] .e.DevToolsPropertyDefaultsPostProcessor : For additional web related logging consider setting the 'logging.level.web' property to 'DEBUG'
2023-04-04 09:29:48.910  INFO 13020 --- [restartedMain] o.s.b.w.embedded.tomcat.TomcatWebServer  : Tomcat initialized with port(s): 8433 (https)
2023-04-04 09:29:48.935  INFO 13020 --- [restartedMain] o.apache.catalina.core.StandardService   : Starting service [Tomcat]
2023-04-04 09:29:48.936  INFO 13020 --- [restartedMain] org.apache.catalina.core.StandardEngine  : Starting Servlet engine: [Apache Tomcat/9.0.68]
2023-04-04 09:29:49.129  INFO 13020 --- [restartedMain] o.a.c.c.C.[Tomcat].[localhost].[/]       : Initializing Spring embedded WebApplicationContext
2023-04-04 09:29:49.131  INFO 13020 --- [restartedMain] w.s.c.ServletWebServerApplicationContext : Root WebApplicationContext: initialization completed in 4242 ms
2023-04-04 09:29:51.374  WARN 13020 --- [restartedMain] c.b.m.core.metadata.TableInfoHelper      : Can not find table primary key in Class: "com.as.attendance_springboot.model.Notice".
2023-04-04 09:29:51.385  WARN 13020 --- [restartedMain] c.b.m.core.injector.DefaultSqlInjector   : class com.as.attendance_springboot.model.Notice ,Not found @TableId annotation, Cannot use Mybatis-Plus 'xxById' Method.
2023-04-04 09:29:52.674  INFO 13020 --- [restartedMain] o.s.b.d.a.OptionalLiveReloadServer       : LiveReload server is running on port 35729
2023-04-04 09:29:55.336  INFO 13020 --- [restartedMain] o.s.b.w.embedded.tomcat.TomcatWebServer  : Tomcat started on port(s): 8433 (https) with context path ''
2023-04-04 09:29:55.706  WARN 13020 --- [restartedMain] d.s.r.o.OperationImplicitParameterReader : Unable to interpret the implicit parameter configuration with dataType: , dataTypeClass: class java.lang.Void
2023-04-04 09:29:55.779  WARN 13020 --- [restartedMain] d.s.r.o.OperationImplicitParameterReader : Unable to interpret the implicit parameter configuration with dataType: , dataTypeClass: class java.lang.Void
2023-04-04 09:29:55.808  WARN 13020 --- [restartedMain] d.s.r.o.OperationImplicitParameterReader : Unable to interpret the implicit parameter configuration with dataType: , dataTypeClass: class java.lang.Void
2023-04-04 09:29:55.809  WARN 13020 --- [restartedMain] d.s.r.o.OperationImplicitParameterReader : Unable to interpret the implicit parameter configuration with dataType: , dataTypeClass: class java.lang.Void
2023-04-04 09:29:55.878  INFO 13020 --- [restartedMain] c.a.a.AttendanceSpringbootApplication    : Started AttendanceSpringbootApplication in 12.445 seconds (JVM running for 15.856)
2023-04-04 09:30:02.184  INFO 13020 --- [File Watcher] rtingClassPathChangeChangedEventListener : Restarting due to 1 class path change (1 addition, 0 deletions, 0 modifications)
2023-04-04 09:30:03.039  INFO 13020 --- [Thread-4] o.apache.catalina.core.StandardService   : Stopping service [Tomcat]
2023-04-04 09:30:03.382  INFO 13020 --- [restartedMain] c.a.a.AttendanceSpringbootApplication    : Starting AttendanceSpringbootApplication using Java 11.0.18 on DESKTOP-Q6CFLST with PID 13020 (F:\study\code\MobileAttendance\attendance_springboot\target\classes started by xulili in F:\study\code\MobileAttendance\attendance_springboot)
2023-04-04 09:30:03.382  INFO 13020 --- [restartedMain] c.a.a.AttendanceSpringbootApplication    : No active profile set, falling back to 1 default profile: "default"
2023-04-04 09:30:04.600  INFO 13020 --- [restartedMain] o.s.b.w.embedded.tomcat.TomcatWebServer  : Tomcat initialized with port(s): 8433 (https)
2023-04-04 09:30:04.602  INFO 13020 --- [restartedMain] o.apache.catalina.core.StandardService   : Starting service [Tomcat]
2023-04-04 09:30:04.603  INFO 13020 --- [restartedMain] org.apache.catalina.core.StandardEngine  : Starting Servlet engine: [Apache Tomcat/9.0.68]
2023-04-04 09:30:04.669  INFO 13020 --- [restartedMain] o.a.c.c.C.[Tomcat].[localhost].[/]       : Initializing Spring embedded WebApplicationContext
2023-04-04 09:30:04.670  INFO 13020 --- [restartedMain] w.s.c.ServletWebServerApplicationContext : Root WebApplicationContext: initialization completed in 1282 ms
2023-04-04 09:30:05.840  WARN 13020 --- [restartedMain] c.b.m.core.metadata.TableInfoHelper      : Can not find table primary key in Class: "com.as.attendance_springboot.model.Notice".
2023-04-04 09:30:05.841  WARN 13020 --- [restartedMain] c.b.m.core.injector.DefaultSqlInjector   : class com.as.attendance_springboot.model.Notice ,Not found @TableId annotation, Cannot use Mybatis-Plus 'xxById' Method.
2023-04-04 09:30:06.163  INFO 13020 --- [restartedMain] o.s.b.d.a.OptionalLiveReloadServer       : LiveReload server is running on port 35729
2023-04-04 09:30:07.223  INFO 13020 --- [restartedMain] o.s.b.w.embedded.tomcat.TomcatWebServer  : Tomcat started on port(s): 8433 (https) with context path ''
2023-04-04 09:30:07.370  WARN 13020 --- [restartedMain] d.s.r.o.OperationImplicitParameterReader : Unable to interpret the implicit parameter configuration with dataType: , dataTypeClass: class java.lang.Void
2023-04-04 09:30:07.386  WARN 13020 --- [restartedMain] d.s.r.o.OperationImplicitParameterReader : Unable to interpret the implicit parameter configuration with dataType: , dataTypeClass: class java.lang.Void
2023-04-04 09:30:07.407  WARN 13020 --- [restartedMain] d.s.r.o.OperationImplicitParameterReader : Unable to interpret the implicit parameter configuration with dataType: , dataTypeClass: class java.lang.Void
2023-04-04 09:30:07.409  WARN 13020 --- [restartedMain] d.s.r.o.OperationImplicitParameterReader : Unable to interpret the implicit parameter configuration with dataType: , dataTypeClass: class java.lang.Void
2023-04-04 09:30:07.437  INFO 13020 --- [restartedMain] c.a.a.AttendanceSpringbootApplication    : Started AttendanceSpringbootApplication in 4.136 seconds (JVM running for 27.415)
2023-04-04 09:30:07.449  INFO 13020 --- [restartedMain] .ConditionEvaluationDeltaLoggingListener : Condition evaluation unchanged
2023-04-04 09:30:44.561  INFO 13020 --- [https-jsse-nio-8433-exec-6] o.a.c.c.C.[Tomcat].[localhost].[/]       : Initializing Spring DispatcherServlet 'dispatcherServlet'
2023-04-04 09:30:44.578  INFO 13020 --- [https-jsse-nio-8433-exec-6] o.s.web.servlet.DispatcherServlet        : Initializing Servlet 'dispatcherServlet'
2023-04-04 09:30:44.632  INFO 13020 --- [https-jsse-nio-8433-exec-6] o.s.web.servlet.DispatcherServlet        : Completed initialization in 53 ms
2023-04-04 09:30:45.082  INFO 13020 --- [https-jsse-nio-8433-exec-6] c.a.a.controller.NoticeController        : 传入notice=Notice(nId=1, nTitle=第二个标题, nContent=第二个标题内容, nDatetime=null)
2023-04-04 09:32:13.767  INFO 13020 --- [File Watcher] rtingClassPathChangeChangedEventListener : Restarting due to 1 class path change (0 additions, 1 deletion, 0 modifications)
2023-04-04 09:32:14.877  INFO 13020 --- [Thread-7] o.apache.catalina.core.StandardService   : Stopping service [Tomcat]
2023-04-04 09:32:14.905  INFO 13020 --- [Thread-7] o.a.c.c.C.[Tomcat].[localhost].[/]       : Destroying Spring FrameworkServlet 'dispatcherServlet'
2023-04-04 09:32:16.719  INFO 13020 --- [restartedMain] c.a.a.AttendanceSpringbootApplication    : Starting AttendanceSpringbootApplication using Java 11.0.18 on DESKTOP-Q6CFLST with PID 13020 (F:\study\code\MobileAttendance\attendance_springboot\target\classes started by xulili in F:\study\code\MobileAttendance\attendance_springboot)
2023-04-04 09:32:16.720  INFO 13020 --- [restartedMain] c.a.a.AttendanceSpringbootApplication    : No active profile set, falling back to 1 default profile: "default"
2023-04-04 09:32:17.306  WARN 13020 --- [restartedMain] ConfigServletWebServerApplicationContext : Exception encountered during context initialization - cancelling refresh attempt: org.springframework.beans.factory.BeanDefinitionStoreException: Failed to parse configuration class [com.as.attendance_springboot.AttendanceSpringbootApplication]; nested exception is java.io.FileNotFoundException: class path resource [com/as/attendance_springboot/service/NoticeService.class] cannot be opened because it does not exist
2023-04-04 09:32:17.318  INFO 13020 --- [restartedMain] ConditionEvaluationReportLoggingListener : 

Error starting ApplicationContext. To display the conditions report re-run your application with 'debug' enabled.
2023-04-04 09:32:17.439 ERROR 13020 --- [restartedMain] o.s.boot.SpringApplication               : Application run failed

org.springframework.beans.factory.BeanDefinitionStoreException: Failed to parse configuration class [com.as.attendance_springboot.AttendanceSpringbootApplication]; nested exception is java.io.FileNotFoundException: class path resource [com/as/attendance_springboot/service/NoticeService.class] cannot be opened because it does not exist
	at org.springframework.context.annotation.ConfigurationClassParser.parse(ConfigurationClassParser.java:188) ~[spring-context-5.3.23.jar:5.3.23]
	at org.springframework.context.annotation.ConfigurationClassPostProcessor.processConfigBeanDefinitions(ConfigurationClassPostProcessor.java:331) ~[spring-context-5.3.23.jar:5.3.23]
	at org.springframework.context.annotation.ConfigurationClassPostProcessor.postProcessBeanDefinitionRegistry(ConfigurationClassPostProcessor.java:247) ~[spring-context-5.3.23.jar:5.3.23]
	at org.springframework.context.support.PostProcessorRegistrationDelegate.invokeBeanDefinitionRegistryPostProcessors(PostProcessorRegistrationDelegate.java:311) ~[spring-context-5.3.23.jar:5.3.23]
	at org.springframework.context.support.PostProcessorRegistrationDelegate.invokeBeanFactoryPostProcessors(PostProcessorRegistrationDelegate.java:112) ~[spring-context-5.3.23.jar:5.3.23]
	at org.springframework.context.support.AbstractApplicationContext.invokeBeanFactoryPostProcessors(AbstractApplicationContext.java:746) ~[spring-context-5.3.23.jar:5.3.23]
	at org.springframework.context.support.AbstractApplicationContext.refresh(AbstractApplicationContext.java:564) ~[spring-context-5.3.23.jar:5.3.23]
	at org.springframework.boot.web.servlet.context.ServletWebServerApplicationContext.refresh(ServletWebServerApplicationContext.java:145) ~[spring-boot-2.6.13.jar:2.6.13]
	at org.springframework.boot.SpringApplication.refresh(SpringApplication.java:745) ~[spring-boot-2.6.13.jar:2.6.13]
	at org.springframework.boot.SpringApplication.refreshContext(SpringApplication.java:420) ~[spring-boot-2.6.13.jar:2.6.13]
	at org.springframework.boot.SpringApplication.run(SpringApplication.java:307) ~[spring-boot-2.6.13.jar:2.6.13]
	at org.springframework.boot.SpringApplication.run(SpringApplication.java:1317) ~[spring-boot-2.6.13.jar:2.6.13]
	at org.springframework.boot.SpringApplication.run(SpringApplication.java:1306) ~[spring-boot-2.6.13.jar:2.6.13]
	at com.as.attendance_springboot.AttendanceSpringbootApplication.main(AttendanceSpringbootApplication.java:10) ~[classes/:na]
	at java.base/jdk.internal.reflect.NativeMethodAccessorImpl.invoke0(Native Method) ~[na:na]
	at java.base/jdk.internal.reflect.NativeMethodAccessorImpl.invoke(NativeMethodAccessorImpl.java:62) ~[na:na]
	at java.base/jdk.internal.reflect.DelegatingMethodAccessorImpl.invoke(DelegatingMethodAccessorImpl.java:43) ~[na:na]
	at java.base/java.lang.reflect.Method.invoke(Method.java:566) ~[na:na]
	at org.springframework.boot.devtools.restart.RestartLauncher.run(RestartLauncher.java:49) ~[spring-boot-devtools-2.6.13.jar:2.6.13]
Caused by: java.io.FileNotFoundException: class path resource [com/as/attendance_springboot/service/NoticeService.class] cannot be opened because it does not exist
	at org.springframework.core.io.ClassPathResource.getInputStream(ClassPathResource.java:199) ~[spring-core-5.3.23.jar:5.3.23]
	at org.springframework.core.type.classreading.SimpleMetadataReader.getClassReader(SimpleMetadataReader.java:55) ~[spring-core-5.3.23.jar:5.3.23]
	at org.springframework.core.type.classreading.SimpleMetadataReader.<init>(SimpleMetadataReader.java:48) ~[spring-core-5.3.23.jar:5.3.23]
	at org.springframework.core.type.classreading.SimpleMetadataReaderFactory.getMetadataReader(SimpleMetadataReaderFactory.java:103) ~[spring-core-5.3.23.jar:5.3.23]
	at org.springframework.boot.type.classreading.ConcurrentReferenceCachingMetadataReaderFactory.createMetadataReader(ConcurrentReferenceCachingMetadataReaderFactory.java:86) ~[spring-boot-2.6.13.jar:2.6.13]
	at org.springframework.boot.type.classreading.ConcurrentReferenceCachingMetadataReaderFactory.getMetadataReader(ConcurrentReferenceCachingMetadataReaderFactory.java:73) ~[spring-boot-2.6.13.jar:2.6.13]
	at org.springframework.core.type.classreading.SimpleMetadataReaderFactory.getMetadataReader(SimpleMetadataReaderFactory.java:81) ~[spring-core-5.3.23.jar:5.3.23]
	at org.springframework.context.annotation.ConfigurationClassParser.asSourceClass(ConfigurationClassParser.java:696) ~[spring-context-5.3.23.jar:5.3.23]
	at org.springframework.context.annotation.ConfigurationClassParser$SourceClass.getInterfaces(ConfigurationClassParser.java:1024) ~[spring-context-5.3.23.jar:5.3.23]
	at org.springframework.context.annotation.ConfigurationClassParser.processInterfaces(ConfigurationClassParser.java:385) ~[spring-context-5.3.23.jar:5.3.23]
	at org.springframework.context.annotation.ConfigurationClassParser.doProcessConfigurationClass(ConfigurationClassParser.java:331) ~[spring-context-5.3.23.jar:5.3.23]
	at org.springframework.context.annotation.ConfigurationClassParser.processConfigurationClass(ConfigurationClassParser.java:249) ~[spring-context-5.3.23.jar:5.3.23]
	at org.springframework.context.annotation.ConfigurationClassParser.parse(ConfigurationClassParser.java:198) ~[spring-context-5.3.23.jar:5.3.23]
	at org.springframework.context.annotation.ConfigurationClassParser.doProcessConfigurationClass(ConfigurationClassParser.java:303) ~[spring-context-5.3.23.jar:5.3.23]
	at org.springframework.context.annotation.ConfigurationClassParser.processConfigurationClass(ConfigurationClassParser.java:249) ~[spring-context-5.3.23.jar:5.3.23]
	at org.springframework.context.annotation.ConfigurationClassParser.parse(ConfigurationClassParser.java:206) ~[spring-context-5.3.23.jar:5.3.23]
	at org.springframework.context.annotation.ConfigurationClassParser.parse(ConfigurationClassParser.java:174) ~[spring-context-5.3.23.jar:5.3.23]
	... 18 common frames omitted

2023-04-04 09:32:18.986  INFO 13020 --- [restartedMain] c.a.a.AttendanceSpringbootApplication    : Starting AttendanceSpringbootApplication using Java 11.0.18 on DESKTOP-Q6CFLST with PID 13020 (F:\study\code\MobileAttendance\attendance_springboot\target\classes started by xulili in F:\study\code\MobileAttendance\attendance_springboot)
2023-04-04 09:32:18.987  INFO 13020 --- [restartedMain] c.a.a.AttendanceSpringbootApplication    : No active profile set, falling back to 1 default profile: "default"
2023-04-04 09:32:20.100  INFO 13020 --- [restartedMain] o.s.b.w.embedded.tomcat.TomcatWebServer  : Tomcat initialized with port(s): 8433 (https)
2023-04-04 09:32:20.103  INFO 13020 --- [restartedMain] o.apache.catalina.core.StandardService   : Starting service [Tomcat]
2023-04-04 09:32:20.104  INFO 13020 --- [restartedMain] org.apache.catalina.core.StandardEngine  : Starting Servlet engine: [Apache Tomcat/9.0.68]
2023-04-04 09:32:20.153  INFO 13020 --- [restartedMain] o.a.c.c.C.[Tomcat].[localhost].[/]       : Initializing Spring embedded WebApplicationContext
2023-04-04 09:32:20.154  INFO 13020 --- [restartedMain] w.s.c.ServletWebServerApplicationContext : Root WebApplicationContext: initialization completed in 1162 ms
2023-04-04 09:32:21.146  WARN 13020 --- [restartedMain] c.b.m.core.metadata.TableInfoHelper      : Can not find table primary key in Class: "com.as.attendance_springboot.model.Notice".
2023-04-04 09:32:21.148  WARN 13020 --- [restartedMain] c.b.m.core.injector.DefaultSqlInjector   : class com.as.attendance_springboot.model.Notice ,Not found @TableId annotation, Cannot use Mybatis-Plus 'xxById' Method.
2023-04-04 09:32:21.459  INFO 13020 --- [restartedMain] o.s.b.d.a.OptionalLiveReloadServer       : LiveReload server is running on port 35729
2023-04-04 09:32:22.490  INFO 13020 --- [restartedMain] o.s.b.w.embedded.tomcat.TomcatWebServer  : Tomcat started on port(s): 8433 (https) with context path ''
2023-04-04 09:32:22.555  WARN 13020 --- [restartedMain] d.s.r.o.OperationImplicitParameterReader : Unable to interpret the implicit parameter configuration with dataType: , dataTypeClass: class java.lang.Void
2023-04-04 09:32:22.565  WARN 13020 --- [restartedMain] d.s.r.o.OperationImplicitParameterReader : Unable to interpret the implicit parameter configuration with dataType: , dataTypeClass: class java.lang.Void
2023-04-04 09:32:22.585  WARN 13020 --- [restartedMain] d.s.r.o.OperationImplicitParameterReader : Unable to interpret the implicit parameter configuration with dataType: , dataTypeClass: class java.lang.Void
2023-04-04 09:32:22.589  WARN 13020 --- [restartedMain] d.s.r.o.OperationImplicitParameterReader : Unable to interpret the implicit parameter configuration with dataType: , dataTypeClass: class java.lang.Void
2023-04-04 09:32:22.610  INFO 13020 --- [restartedMain] c.a.a.AttendanceSpringbootApplication    : Started AttendanceSpringbootApplication in 3.701 seconds (JVM running for 162.588)
2023-04-04 09:32:22.614  INFO 13020 --- [restartedMain] .ConditionEvaluationDeltaLoggingListener : Condition evaluation unchanged
2023-04-04 09:33:42.734  INFO 13020 --- [File Watcher] rtingClassPathChangeChangedEventListener : Restarting due to 1 class path change (0 additions, 1 deletion, 0 modifications)
2023-04-04 09:33:44.511  INFO 13020 --- [Thread-11] o.apache.catalina.core.StandardService   : Stopping service [Tomcat]
2023-04-04 09:33:47.037  INFO 13020 --- [restartedMain] c.a.a.AttendanceSpringbootApplication    : Starting AttendanceSpringbootApplication using Java 11.0.18 on DESKTOP-Q6CFLST with PID 13020 (F:\study\code\MobileAttendance\attendance_springboot\target\classes started by xulili in F:\study\code\MobileAttendance\attendance_springboot)
2023-04-04 09:33:47.038  INFO 13020 --- [restartedMain] c.a.a.AttendanceSpringbootApplication    : No active profile set, falling back to 1 default profile: "default"
2023-04-04 09:33:48.774  INFO 13020 --- [restartedMain] o.s.b.w.embedded.tomcat.TomcatWebServer  : Tomcat initialized with port(s): 8433 (https)
2023-04-04 09:33:48.779  INFO 13020 --- [restartedMain] o.apache.catalina.core.StandardService   : Starting service [Tomcat]
2023-04-04 09:33:48.780  INFO 13020 --- [restartedMain] org.apache.catalina.core.StandardEngine  : Starting Servlet engine: [Apache Tomcat/9.0.68]
2023-04-04 09:33:48.842  INFO 13020 --- [restartedMain] o.a.c.c.C.[Tomcat].[localhost].[/]       : Initializing Spring embedded WebApplicationContext
2023-04-04 09:33:48.846  INFO 13020 --- [restartedMain] w.s.c.ServletWebServerApplicationContext : Root WebApplicationContext: initialization completed in 1798 ms
2023-04-04 09:33:48.878  WARN 13020 --- [restartedMain] ConfigServletWebServerApplicationContext : Exception encountered during context initialization - cancelling refresh attempt: org.springframework.beans.factory.BeanCreationException: Error creating bean with name 'noticeController': Lookup method resolution failed; nested exception is java.lang.IllegalStateException: Failed to introspect Class [com.as.attendance_springboot.controller.NoticeController] from ClassLoader [org.springframework.boot.devtools.restart.classloader.RestartClassLoader@19c053b4]
2023-04-04 09:33:48.882  INFO 13020 --- [restartedMain] o.apache.catalina.core.StandardService   : Stopping service [Tomcat]
2023-04-04 09:33:48.903  INFO 13020 --- [restartedMain] ConditionEvaluationReportLoggingListener : 

Error starting ApplicationContext. To display the conditions report re-run your application with 'debug' enabled.
2023-04-04 09:33:48.917 ERROR 13020 --- [restartedMain] o.s.boot.SpringApplication               : Application run failed

org.springframework.beans.factory.BeanCreationException: Error creating bean with name 'noticeController': Lookup method resolution failed; nested exception is java.lang.IllegalStateException: Failed to introspect Class [com.as.attendance_springboot.controller.NoticeController] from ClassLoader [org.springframework.boot.devtools.restart.classloader.RestartClassLoader@19c053b4]
	at org.springframework.beans.factory.annotation.AutowiredAnnotationBeanPostProcessor.determineCandidateConstructors(AutowiredAnnotationBeanPostProcessor.java:289) ~[spring-beans-5.3.23.jar:5.3.23]
	at org.springframework.beans.factory.support.AbstractAutowireCapableBeanFactory.determineConstructorsFromBeanPostProcessors(AbstractAutowireCapableBeanFactory.java:1302) ~[spring-beans-5.3.23.jar:5.3.23]
	at org.springframework.beans.factory.support.AbstractAutowireCapableBeanFactory.createBeanInstance(AbstractAutowireCapableBeanFactory.java:1219) ~[spring-beans-5.3.23.jar:5.3.23]
	at org.springframework.beans.factory.support.AbstractAutowireCapableBeanFactory.doCreateBean(AbstractAutowireCapableBeanFactory.java:582) ~[spring-beans-5.3.23.jar:5.3.23]
	at org.springframework.beans.factory.support.AbstractAutowireCapableBeanFactory.createBean(AbstractAutowireCapableBeanFactory.java:542) ~[spring-beans-5.3.23.jar:5.3.23]
	at org.springframework.beans.factory.support.AbstractBeanFactory.lambda$doGetBean$0(AbstractBeanFactory.java:335) ~[spring-beans-5.3.23.jar:5.3.23]
	at org.springframework.beans.factory.support.DefaultSingletonBeanRegistry.getSingleton(DefaultSingletonBeanRegistry.java:234) ~[spring-beans-5.3.23.jar:5.3.23]
	at org.springframework.beans.factory.support.AbstractBeanFactory.doGetBean(AbstractBeanFactory.java:333) ~[spring-beans-5.3.23.jar:5.3.23]
	at org.springframework.beans.factory.support.AbstractBeanFactory.getBean(AbstractBeanFactory.java:208) ~[spring-beans-5.3.23.jar:5.3.23]
	at org.springframework.beans.factory.support.DefaultListableBeanFactory.preInstantiateSingletons(DefaultListableBeanFactory.java:955) ~[spring-beans-5.3.23.jar:5.3.23]
	at org.springframework.context.support.AbstractApplicationContext.finishBeanFactoryInitialization(AbstractApplicationContext.java:918) ~[spring-context-5.3.23.jar:5.3.23]
	at org.springframework.context.support.AbstractApplicationContext.refresh(AbstractApplicationContext.java:583) ~[spring-context-5.3.23.jar:5.3.23]
	at org.springframework.boot.web.servlet.context.ServletWebServerApplicationContext.refresh(ServletWebServerApplicationContext.java:145) ~[spring-boot-2.6.13.jar:2.6.13]
	at org.springframework.boot.SpringApplication.refresh(SpringApplication.java:745) ~[spring-boot-2.6.13.jar:2.6.13]
	at org.springframework.boot.SpringApplication.refreshContext(SpringApplication.java:420) ~[spring-boot-2.6.13.jar:2.6.13]
	at org.springframework.boot.SpringApplication.run(SpringApplication.java:307) ~[spring-boot-2.6.13.jar:2.6.13]
	at org.springframework.boot.SpringApplication.run(SpringApplication.java:1317) ~[spring-boot-2.6.13.jar:2.6.13]
	at org.springframework.boot.SpringApplication.run(SpringApplication.java:1306) ~[spring-boot-2.6.13.jar:2.6.13]
	at com.as.attendance_springboot.AttendanceSpringbootApplication.main(AttendanceSpringbootApplication.java:10) ~[classes/:na]
	at java.base/jdk.internal.reflect.NativeMethodAccessorImpl.invoke0(Native Method) ~[na:na]
	at java.base/jdk.internal.reflect.NativeMethodAccessorImpl.invoke(NativeMethodAccessorImpl.java:62) ~[na:na]
	at java.base/jdk.internal.reflect.DelegatingMethodAccessorImpl.invoke(DelegatingMethodAccessorImpl.java:43) ~[na:na]
	at java.base/java.lang.reflect.Method.invoke(Method.java:566) ~[na:na]
	at org.springframework.boot.devtools.restart.RestartLauncher.run(RestartLauncher.java:49) ~[spring-boot-devtools-2.6.13.jar:2.6.13]
Caused by: java.lang.IllegalStateException: Failed to introspect Class [com.as.attendance_springboot.controller.NoticeController] from ClassLoader [org.springframework.boot.devtools.restart.classloader.RestartClassLoader@19c053b4]
	at org.springframework.util.ReflectionUtils.getDeclaredMethods(ReflectionUtils.java:485) ~[spring-core-5.3.23.jar:5.3.23]
	at org.springframework.util.ReflectionUtils.doWithLocalMethods(ReflectionUtils.java:321) ~[spring-core-5.3.23.jar:5.3.23]
	at org.springframework.beans.factory.annotation.AutowiredAnnotationBeanPostProcessor.determineCandidateConstructors(AutowiredAnnotationBeanPostProcessor.java:267) ~[spring-beans-5.3.23.jar:5.3.23]
	... 23 common frames omitted
Caused by: java.lang.NoClassDefFoundError: com/as/attendance_springboot/model/Notice
	at java.base/java.lang.Class.getDeclaredMethods0(Native Method) ~[na:na]
	at java.base/java.lang.Class.privateGetDeclaredMethods(Class.java:3166) ~[na:na]
	at java.base/java.lang.Class.getDeclaredMethods(Class.java:2309) ~[na:na]
	at org.springframework.util.ReflectionUtils.getDeclaredMethods(ReflectionUtils.java:467) ~[spring-core-5.3.23.jar:5.3.23]
	... 25 common frames omitted
Caused by: java.lang.ClassNotFoundException: com.as.attendance_springboot.model.Notice
	at java.base/jdk.internal.loader.BuiltinClassLoader.loadClass(BuiltinClassLoader.java:581) ~[na:na]
	at java.base/jdk.internal.loader.ClassLoaders$AppClassLoader.loadClass(ClassLoaders.java:178) ~[na:na]
	at java.base/java.lang.ClassLoader.loadClass(ClassLoader.java:522) ~[na:na]
	at java.base/java.lang.Class.forName0(Native Method) ~[na:na]
	at java.base/java.lang.Class.forName(Class.java:398) ~[na:na]
	at org.springframework.boot.devtools.restart.classloader.RestartClassLoader.loadClass(RestartClassLoader.java:145) ~[spring-boot-devtools-2.6.13.jar:2.6.13]
	at java.base/java.lang.ClassLoader.loadClass(ClassLoader.java:522) ~[na:na]
	... 29 common frames omitted

2023-04-04 09:33:55.987  INFO 13020 --- [restartedMain] c.a.a.AttendanceSpringbootApplication    : Starting AttendanceSpringbootApplication using Java 11.0.18 on DESKTOP-Q6CFLST with PID 13020 (F:\study\code\MobileAttendance\attendance_springboot\target\classes started by xulili in F:\study\code\MobileAttendance\attendance_springboot)
2023-04-04 09:33:55.988  INFO 13020 --- [restartedMain] c.a.a.AttendanceSpringbootApplication    : No active profile set, falling back to 1 default profile: "default"
2023-04-04 09:33:57.111  INFO 13020 --- [restartedMain] o.s.b.w.embedded.tomcat.TomcatWebServer  : Tomcat initialized with port(s): 8433 (https)
2023-04-04 09:33:57.115  INFO 13020 --- [restartedMain] o.apache.catalina.core.StandardService   : Starting service [Tomcat]
2023-04-04 09:33:57.116  INFO 13020 --- [restartedMain] org.apache.catalina.core.StandardEngine  : Starting Servlet engine: [Apache Tomcat/9.0.68]
2023-04-04 09:33:57.195  INFO 13020 --- [restartedMain] o.a.c.c.C.[Tomcat-1].[localhost].[/]     : Initializing Spring embedded WebApplicationContext
2023-04-04 09:33:57.196  INFO 13020 --- [restartedMain] w.s.c.ServletWebServerApplicationContext : Root WebApplicationContext: initialization completed in 1204 ms
2023-04-04 09:33:58.542  INFO 13020 --- [restartedMain] o.s.b.d.a.OptionalLiveReloadServer       : LiveReload server is running on port 35729
2023-04-04 09:33:59.554  INFO 13020 --- [restartedMain] o.s.b.w.embedded.tomcat.TomcatWebServer  : Tomcat started on port(s): 8433 (https) with context path ''
2023-04-04 09:33:59.609  WARN 13020 --- [restartedMain] d.s.r.o.OperationImplicitParameterReader : Unable to interpret the implicit parameter configuration with dataType: , dataTypeClass: class java.lang.Void
2023-04-04 09:33:59.622  WARN 13020 --- [restartedMain] d.s.r.o.OperationImplicitParameterReader : Unable to interpret the implicit parameter configuration with dataType: , dataTypeClass: class java.lang.Void
2023-04-04 09:33:59.640  WARN 13020 --- [restartedMain] d.s.r.o.OperationImplicitParameterReader : Unable to interpret the implicit parameter configuration with dataType: , dataTypeClass: class java.lang.Void
2023-04-04 09:33:59.641  WARN 13020 --- [restartedMain] d.s.r.o.OperationImplicitParameterReader : Unable to interpret the implicit parameter configuration with dataType: , dataTypeClass: class java.lang.Void
2023-04-04 09:33:59.657  INFO 13020 --- [restartedMain] c.a.a.AttendanceSpringbootApplication    : Started AttendanceSpringbootApplication in 3.736 seconds (JVM running for 259.635)
2023-04-04 09:33:59.660  INFO 13020 --- [restartedMain] .ConditionEvaluationDeltaLoggingListener : Condition evaluation unchanged
2023-04-04 09:34:19.862  INFO 13020 --- [https-jsse-nio-8433-exec-6] o.a.c.c.C.[Tomcat-1].[localhost].[/]     : Initializing Spring DispatcherServlet 'dispatcherServlet'
2023-04-04 09:34:19.865  INFO 13020 --- [https-jsse-nio-8433-exec-6] o.s.web.servlet.DispatcherServlet        : Initializing Servlet 'dispatcherServlet'
2023-04-04 09:34:19.883  INFO 13020 --- [https-jsse-nio-8433-exec-6] o.s.web.servlet.DispatcherServlet        : Completed initialization in 17 ms
2023-04-04 09:34:19.927  INFO 13020 --- [https-jsse-nio-8433-exec-6] c.a.a.controller.NoticeController        : 传入notice=Notice(nId=1, nTitle=第二个标题, nContent=第二个标题内容, nDatetime=null)
2023-04-04 09:34:20.218  INFO 13020 --- [https-jsse-nio-8433-exec-6] com.zaxxer.hikari.HikariDataSource       : HikariPool-1 - Starting...
2023-04-04 09:34:20.658  INFO 13020 --- [https-jsse-nio-8433-exec-6] com.zaxxer.hikari.HikariDataSource       : HikariPool-1 - Start completed.
2023-04-04 09:34:20.690 DEBUG 13020 --- [https-jsse-nio-8433-exec-6] c.a.a.mapper.NoticeMapper.updateById     : ==>  Preparing: UPDATE notice SET n_title=?, n_content=? WHERE n_id=?
2023-04-04 09:34:20.780 DEBUG 13020 --- [https-jsse-nio-8433-exec-6] c.a.a.mapper.NoticeMapper.updateById     : ==> Parameters: 第二个标题(String), 第二个标题内容(String), 1(Integer)
2023-04-04 09:34:20.976 DEBUG 13020 --- [https-jsse-nio-8433-exec-6] c.a.a.mapper.NoticeMapper.updateById     : <==    Updates: 1
2023-04-04 09:41:21.728  INFO 13020 --- [File Watcher] rtingClassPathChangeChangedEventListener : Restarting due to 1 class path change (0 additions, 1 deletion, 0 modifications)
2023-04-04 09:41:23.057  INFO 13020 --- [Thread-17] o.apache.catalina.core.StandardService   : Stopping service [Tomcat]
2023-04-04 09:41:23.102  INFO 13020 --- [Thread-17] o.a.c.c.C.[Tomcat-1].[localhost].[/]     : Destroying Spring FrameworkServlet 'dispatcherServlet'
2023-04-04 09:41:23.289  WARN 13020 --- [Thread-17] o.a.c.loader.WebappClassLoaderBase       : The web application [ROOT] appears to have started a thread named [HikariPool-1 housekeeper] but has failed to stop it. This is very likely to create a memory leak. Stack trace of thread:
 java.base@11.0.18/jdk.internal.misc.Unsafe.park(Native Method)
 java.base@11.0.18/java.util.concurrent.locks.LockSupport.parkNanos(LockSupport.java:234)
 java.base@11.0.18/java.util.concurrent.locks.AbstractQueuedSynchronizer$ConditionObject.awaitNanos(AbstractQueuedSynchronizer.java:2123)
 java.base@11.0.18/java.util.concurrent.ScheduledThreadPoolExecutor$DelayedWorkQueue.take(ScheduledThreadPoolExecutor.java:1182)
 java.base@11.0.18/java.util.concurrent.ScheduledThreadPoolExecutor$DelayedWorkQueue.take(ScheduledThreadPoolExecutor.java:899)
 java.base@11.0.18/java.util.concurrent.ThreadPoolExecutor.getTask(ThreadPoolExecutor.java:1054)
 java.base@11.0.18/java.util.concurrent.ThreadPoolExecutor.runWorker(ThreadPoolExecutor.java:1114)
 java.base@11.0.18/java.util.concurrent.ThreadPoolExecutor$Worker.run(ThreadPoolExecutor.java:628)
 java.base@11.0.18/java.lang.Thread.run(Thread.java:829)
2023-04-04 09:41:23.436  INFO 13020 --- [Thread-17] com.zaxxer.hikari.HikariDataSource       : HikariPool-1 - Shutdown initiated...
2023-04-04 09:41:23.695  INFO 13020 --- [Thread-17] com.zaxxer.hikari.HikariDataSource       : HikariPool-1 - Shutdown completed.
2023-04-04 09:41:25.104  INFO 13020 --- [restartedMain] c.a.a.AttendanceSpringbootApplication    : Starting AttendanceSpringbootApplication using Java 11.0.18 on DESKTOP-Q6CFLST with PID 13020 (F:\study\code\MobileAttendance\attendance_springboot\target\classes started by xulili in F:\study\code\MobileAttendance\attendance_springboot)
2023-04-04 09:41:25.106  INFO 13020 --- [restartedMain] c.a.a.AttendanceSpringbootApplication    : No active profile set, falling back to 1 default profile: "default"
2023-04-04 09:41:26.708  INFO 13020 --- [restartedMain] o.s.b.w.embedded.tomcat.TomcatWebServer  : Tomcat initialized with port(s): 8433 (https)
2023-04-04 09:41:26.711  INFO 13020 --- [restartedMain] o.apache.catalina.core.StandardService   : Starting service [Tomcat]
2023-04-04 09:41:26.711  INFO 13020 --- [restartedMain] org.apache.catalina.core.StandardEngine  : Starting Servlet engine: [Apache Tomcat/9.0.68]
2023-04-04 09:41:26.758  INFO 13020 --- [restartedMain] o.a.c.c.C.[Tomcat-1].[localhost].[/]     : Initializing Spring embedded WebApplicationContext
2023-04-04 09:41:26.759  INFO 13020 --- [restartedMain] w.s.c.ServletWebServerApplicationContext : Root WebApplicationContext: initialization completed in 1643 ms
2023-04-04 09:41:28.075  INFO 13020 --- [restartedMain] o.s.b.d.a.OptionalLiveReloadServer       : LiveReload server is running on port 35729
2023-04-04 09:41:29.187  INFO 13020 --- [restartedMain] o.s.b.w.embedded.tomcat.TomcatWebServer  : Tomcat started on port(s): 8433 (https) with context path ''
2023-04-04 09:41:29.211  INFO 13020 --- [restartedMain] c.a.a.AttendanceSpringbootApplication    : Started AttendanceSpringbootApplication in 4.267 seconds (JVM running for 709.189)
2023-04-04 09:41:29.215  INFO 13020 --- [restartedMain] .ConditionEvaluationDeltaLoggingListener : Condition evaluation unchanged
2023-04-04 09:41:29.703  INFO 13020 --- [File Watcher] rtingClassPathChangeChangedEventListener : Restarting due to 1 class path change (1 addition, 0 deletions, 0 modifications)
2023-04-04 09:41:30.485  INFO 13020 --- [Thread-24] o.apache.catalina.core.StandardService   : Stopping service [Tomcat]
2023-04-04 09:41:30.666  INFO 13020 --- [restartedMain] c.a.a.AttendanceSpringbootApplication    : Starting AttendanceSpringbootApplication using Java 11.0.18 on DESKTOP-Q6CFLST with PID 13020 (F:\study\code\MobileAttendance\attendance_springboot\target\classes started by xulili in F:\study\code\MobileAttendance\attendance_springboot)
2023-04-04 09:41:30.666  INFO 13020 --- [restartedMain] c.a.a.AttendanceSpringbootApplication    : No active profile set, falling back to 1 default profile: "default"
2023-04-04 09:41:31.419  INFO 13020 --- [restartedMain] o.s.b.w.embedded.tomcat.TomcatWebServer  : Tomcat initialized with port(s): 8433 (https)
2023-04-04 09:41:31.421  INFO 13020 --- [restartedMain] o.apache.catalina.core.StandardService   : Starting service [Tomcat]
2023-04-04 09:41:31.421  INFO 13020 --- [restartedMain] org.apache.catalina.core.StandardEngine  : Starting Servlet engine: [Apache Tomcat/9.0.68]
2023-04-04 09:41:31.459  INFO 13020 --- [restartedMain] o.a.c.c.C.[Tomcat-1].[localhost].[/]     : Initializing Spring embedded WebApplicationContext
2023-04-04 09:41:31.460  INFO 13020 --- [restartedMain] w.s.c.ServletWebServerApplicationContext : Root WebApplicationContext: initialization completed in 790 ms
2023-04-04 09:41:32.602  INFO 13020 --- [restartedMain] o.s.b.d.a.OptionalLiveReloadServer       : LiveReload server is running on port 35729
2023-04-04 09:41:33.439  INFO 13020 --- [restartedMain] o.s.b.w.embedded.tomcat.TomcatWebServer  : Tomcat started on port(s): 8433 (https) with context path ''
2023-04-04 09:41:33.482  WARN 13020 --- [restartedMain] d.s.r.o.OperationImplicitParameterReader : Unable to interpret the implicit parameter configuration with dataType: , dataTypeClass: class java.lang.Void
2023-04-04 09:41:33.500  WARN 13020 --- [restartedMain] d.s.r.o.OperationImplicitParameterReader : Unable to interpret the implicit parameter configuration with dataType: , dataTypeClass: class java.lang.Void
2023-04-04 09:41:33.508  WARN 13020 --- [restartedMain] d.s.r.o.OperationImplicitParameterReader : Unable to interpret the implicit parameter configuration with dataType: , dataTypeClass: class java.lang.Void
2023-04-04 09:41:33.525  WARN 13020 --- [restartedMain] d.s.r.o.OperationImplicitParameterReader : Unable to interpret the implicit parameter configuration with dataType: , dataTypeClass: class java.lang.Void
2023-04-04 09:41:33.526  WARN 13020 --- [restartedMain] d.s.r.o.OperationImplicitParameterReader : Unable to interpret the implicit parameter configuration with dataType: , dataTypeClass: class java.lang.Void
2023-04-04 09:41:33.542  INFO 13020 --- [restartedMain] c.a.a.AttendanceSpringbootApplication    : Started AttendanceSpringbootApplication in 2.934 seconds (JVM running for 713.521)
2023-04-04 09:41:33.546  INFO 13020 --- [restartedMain] .ConditionEvaluationDeltaLoggingListener : Condition evaluation unchanged
2023-04-04 09:42:56.142  INFO 13020 --- [https-jsse-nio-8433-exec-6] o.a.c.c.C.[Tomcat-1].[localhost].[/]     : Initializing Spring DispatcherServlet 'dispatcherServlet'
2023-04-04 09:42:56.157  INFO 13020 --- [https-jsse-nio-8433-exec-6] o.s.web.servlet.DispatcherServlet        : Initializing Servlet 'dispatcherServlet'
2023-04-04 09:42:56.203  INFO 13020 --- [https-jsse-nio-8433-exec-6] o.s.web.servlet.DispatcherServlet        : Completed initialization in 46 ms
2023-04-04 09:42:56.406  INFO 13020 --- [https-jsse-nio-8433-exec-6] c.a.a.controller.NoticeController        : 传入n_id=2
2023-04-04 09:42:56.517  INFO 13020 --- [https-jsse-nio-8433-exec-6] com.zaxxer.hikari.HikariDataSource       : HikariPool-2 - Starting...
2023-04-04 09:42:56.669  INFO 13020 --- [https-jsse-nio-8433-exec-6] com.zaxxer.hikari.HikariDataSource       : HikariPool-2 - Start completed.
2023-04-04 09:42:56.671 DEBUG 13020 --- [https-jsse-nio-8433-exec-6] c.a.a.mapper.NoticeMapper.deleteById     : ==>  Preparing: DELETE FROM notice WHERE n_id=?
2023-04-04 09:42:56.675 DEBUG 13020 --- [https-jsse-nio-8433-exec-6] c.a.a.mapper.NoticeMapper.deleteById     : ==> Parameters: 2(Integer)
2023-04-04 09:42:56.755 DEBUG 13020 --- [https-jsse-nio-8433-exec-6] c.a.a.mapper.NoticeMapper.deleteById     : <==    Updates: 1
2023-04-04 09:43:00.489  INFO 13020 --- [https-jsse-nio-8433-exec-7] c.a.a.controller.NoticeController        : 传入n_id=2
2023-04-04 09:43:00.492 DEBUG 13020 --- [https-jsse-nio-8433-exec-7] c.a.a.mapper.NoticeMapper.deleteById     : ==>  Preparing: DELETE FROM notice WHERE n_id=?
2023-04-04 09:43:00.493 DEBUG 13020 --- [https-jsse-nio-8433-exec-7] c.a.a.mapper.NoticeMapper.deleteById     : ==> Parameters: 2(Integer)
2023-04-04 09:43:00.496 DEBUG 13020 --- [https-jsse-nio-8433-exec-7] c.a.a.mapper.NoticeMapper.deleteById     : <==    Updates: 0
2023-04-04 09:43:52.039  INFO 13020 --- [SpringApplicationShutdownHook] com.zaxxer.hikari.HikariDataSource       : HikariPool-2 - Shutdown initiated...
2023-04-04 09:43:52.073  INFO 13020 --- [SpringApplicationShutdownHook] com.zaxxer.hikari.HikariDataSource       : HikariPool-2 - Shutdown completed.
2023-04-04 10:48:40.074  INFO 8788 --- [main] c.a.a.service.StaffServiceTest           : Starting StaffServiceTest using Java 11.0.18 on DESKTOP-Q6CFLST with PID 8788 (started by xulili in F:\study\code\MobileAttendance\attendance_springboot)
2023-04-04 10:48:40.079  INFO 8788 --- [main] c.a.a.service.StaffServiceTest           : No active profile set, falling back to 1 default profile: "default"
2023-04-04 10:48:51.495  WARN 8788 --- [main] d.s.r.o.OperationImplicitParameterReader : Unable to interpret the implicit parameter configuration with dataType: , dataTypeClass: class java.lang.Void
2023-04-04 10:48:51.616  WARN 8788 --- [main] d.s.r.o.OperationImplicitParameterReader : Unable to interpret the implicit parameter configuration with dataType: , dataTypeClass: class java.lang.Void
2023-04-04 10:48:51.634  WARN 8788 --- [main] d.s.r.o.OperationImplicitParameterReader : Unable to interpret the implicit parameter configuration with dataType: , dataTypeClass: class java.lang.Void
2023-04-04 10:48:51.670  WARN 8788 --- [main] d.s.r.o.OperationImplicitParameterReader : Unable to interpret the implicit parameter configuration with dataType: , dataTypeClass: class java.lang.Void
2023-04-04 10:48:51.672  WARN 8788 --- [main] d.s.r.o.OperationImplicitParameterReader : Unable to interpret the implicit parameter configuration with dataType: , dataTypeClass: class java.lang.Void
2023-04-04 10:48:51.762  INFO 8788 --- [main] c.a.a.service.StaffServiceTest           : Started StaffServiceTest in 13.029 seconds (JVM running for 16.602)
2023-04-04 10:48:53.172  INFO 8788 --- [main] com.zaxxer.hikari.HikariDataSource       : HikariPool-1 - Starting...
2023-04-04 10:48:53.934  INFO 8788 --- [main] com.zaxxer.hikari.HikariDataSource       : HikariPool-1 - Start completed.
2023-04-04 10:48:53.954 DEBUG 8788 --- [main] c.a.a.m.S.selectMapsPage_mpCount         : ==>  Preparing: SELECT COUNT(*) AS total FROM staff
2023-04-04 10:48:54.026 DEBUG 8788 --- [main] c.a.a.m.S.selectMapsPage_mpCount         : ==> Parameters: 
2023-04-04 10:48:54.221 DEBUG 8788 --- [main] c.a.a.m.S.selectMapsPage_mpCount         : <==      Total: 1
2023-04-04 10:48:54.240 DEBUG 8788 --- [main] c.a.a.mapper.StaffMapper.selectMapsPage  : ==>  Preparing: SELECT s_id,d_id,s_name,s_sex,s_pwd,s_imei,s_status,s_right,s_birthday,s_hiredate FROM staff LIMIT ?
2023-04-04 10:48:54.242 DEBUG 8788 --- [main] c.a.a.mapper.StaffMapper.selectMapsPage  : ==> Parameters: 2(Long)
2023-04-04 10:48:54.255 DEBUG 8788 --- [main] c.a.a.mapper.StaffMapper.selectMapsPage  : <==      Total: 2
2023-04-04 10:48:54.349  INFO 8788 --- [SpringApplicationShutdownHook] com.zaxxer.hikari.HikariDataSource       : HikariPool-1 - Shutdown initiated...
2023-04-04 10:48:54.385  INFO 8788 --- [SpringApplicationShutdownHook] com.zaxxer.hikari.HikariDataSource       : HikariPool-1 - Shutdown completed.
2023-04-04 10:49:51.988  INFO 15428 --- [main] c.a.a.service.StaffServiceTest           : Starting StaffServiceTest using Java 11.0.18 on DESKTOP-Q6CFLST with PID 15428 (started by xulili in F:\study\code\MobileAttendance\attendance_springboot)
2023-04-04 10:49:51.997  INFO 15428 --- [main] c.a.a.service.StaffServiceTest           : No active profile set, falling back to 1 default profile: "default"
2023-04-04 10:50:04.568  WARN 15428 --- [main] d.s.r.o.OperationImplicitParameterReader : Unable to interpret the implicit parameter configuration with dataType: , dataTypeClass: class java.lang.Void
2023-04-04 10:50:04.754  WARN 15428 --- [main] d.s.r.o.OperationImplicitParameterReader : Unable to interpret the implicit parameter configuration with dataType: , dataTypeClass: class java.lang.Void
2023-04-04 10:50:04.835  WARN 15428 --- [main] d.s.r.o.OperationImplicitParameterReader : Unable to interpret the implicit parameter configuration with dataType: , dataTypeClass: class java.lang.Void
2023-04-04 10:50:04.922  WARN 15428 --- [main] d.s.r.o.OperationImplicitParameterReader : Unable to interpret the implicit parameter configuration with dataType: , dataTypeClass: class java.lang.Void
2023-04-04 10:50:04.923  WARN 15428 --- [main] d.s.r.o.OperationImplicitParameterReader : Unable to interpret the implicit parameter configuration with dataType: , dataTypeClass: class java.lang.Void
2023-04-04 10:50:05.020  INFO 15428 --- [main] c.a.a.service.StaffServiceTest           : Started StaffServiceTest in 14.545 seconds (JVM running for 17.872)
2023-04-04 10:50:06.887  INFO 15428 --- [main] com.zaxxer.hikari.HikariDataSource       : HikariPool-1 - Starting...
2023-04-04 10:50:07.500  INFO 15428 --- [main] com.zaxxer.hikari.HikariDataSource       : HikariPool-1 - Start completed.
2023-04-04 10:50:07.527 DEBUG 15428 --- [main] c.a.a.m.S.selectMapsPage_mpCount         : ==>  Preparing: SELECT COUNT(*) AS total FROM staff
2023-04-04 10:50:07.632 DEBUG 15428 --- [main] c.a.a.m.S.selectMapsPage_mpCount         : ==> Parameters: 
2023-04-04 10:50:07.803 DEBUG 15428 --- [main] c.a.a.m.S.selectMapsPage_mpCount         : <==      Total: 1
2023-04-04 10:50:07.821 DEBUG 15428 --- [main] c.a.a.mapper.StaffMapper.selectMapsPage  : ==>  Preparing: SELECT s_id,d_id,s_name,s_sex,s_pwd,s_imei,s_status,s_right,s_birthday,s_hiredate FROM staff LIMIT ?
2023-04-04 10:50:07.825 DEBUG 15428 --- [main] c.a.a.mapper.StaffMapper.selectMapsPage  : ==> Parameters: 2(Long)
2023-04-04 10:50:07.837 DEBUG 15428 --- [main] c.a.a.mapper.StaffMapper.selectMapsPage  : <==      Total: 2
2023-04-04 10:50:07.961  INFO 15428 --- [SpringApplicationShutdownHook] com.zaxxer.hikari.HikariDataSource       : HikariPool-1 - Shutdown initiated...
2023-04-04 10:50:08.095  INFO 15428 --- [SpringApplicationShutdownHook] com.zaxxer.hikari.HikariDataSource       : HikariPool-1 - Shutdown completed.
2023-04-04 11:05:41.466  INFO 13156 --- [main] c.a.a.service.StaffServiceTest           : Starting StaffServiceTest using Java 11.0.18 on DESKTOP-Q6CFLST with PID 13156 (started by xulili in F:\study\code\MobileAttendance\attendance_springboot)
2023-04-04 11:05:41.471  INFO 13156 --- [main] c.a.a.service.StaffServiceTest           : No active profile set, falling back to 1 default profile: "default"
2023-04-04 11:05:52.166  WARN 13156 --- [main] d.s.r.o.OperationImplicitParameterReader : Unable to interpret the implicit parameter configuration with dataType: , dataTypeClass: class java.lang.Void
2023-04-04 11:05:52.362  WARN 13156 --- [main] d.s.r.o.OperationImplicitParameterReader : Unable to interpret the implicit parameter configuration with dataType: , dataTypeClass: class java.lang.Void
2023-04-04 11:05:52.414  WARN 13156 --- [main] d.s.r.o.OperationImplicitParameterReader : Unable to interpret the implicit parameter configuration with dataType: , dataTypeClass: class java.lang.Void
2023-04-04 11:05:52.482  WARN 13156 --- [main] d.s.r.o.OperationImplicitParameterReader : Unable to interpret the implicit parameter configuration with dataType: , dataTypeClass: class java.lang.Void
2023-04-04 11:05:52.483  WARN 13156 --- [main] d.s.r.o.OperationImplicitParameterReader : Unable to interpret the implicit parameter configuration with dataType: , dataTypeClass: class java.lang.Void
2023-04-04 11:05:52.561  INFO 13156 --- [main] c.a.a.service.StaffServiceTest           : Started StaffServiceTest in 12.308 seconds (JVM running for 15.377)
2023-04-04 11:05:53.819  INFO 13156 --- [main] com.zaxxer.hikari.HikariDataSource       : HikariPool-1 - Starting...
2023-04-04 11:05:54.532  INFO 13156 --- [main] com.zaxxer.hikari.HikariDataSource       : HikariPool-1 - Start completed.
2023-04-04 11:05:54.552 DEBUG 13156 --- [main] c.a.a.m.S.selectMapsPage_mpCount         : ==>  Preparing: SELECT COUNT(*) AS total FROM staff
2023-04-04 11:05:54.620 DEBUG 13156 --- [main] c.a.a.m.S.selectMapsPage_mpCount         : ==> Parameters: 
2023-04-04 11:05:54.751 DEBUG 13156 --- [main] c.a.a.m.S.selectMapsPage_mpCount         : <==      Total: 1
2023-04-04 11:05:54.768 DEBUG 13156 --- [main] c.a.a.mapper.StaffMapper.selectMapsPage  : ==>  Preparing: SELECT s_id,d_id,s_name,s_sex,s_pwd,s_imei,s_status,s_right,s_birthday,s_hiredate FROM staff LIMIT ?
2023-04-04 11:05:54.770 DEBUG 13156 --- [main] c.a.a.mapper.StaffMapper.selectMapsPage  : ==> Parameters: 2(Long)
2023-04-04 11:05:54.787 DEBUG 13156 --- [main] c.a.a.mapper.StaffMapper.selectMapsPage  : <==      Total: 2
2023-04-04 11:05:54.856  INFO 13156 --- [SpringApplicationShutdownHook] com.zaxxer.hikari.HikariDataSource       : HikariPool-1 - Shutdown initiated...
2023-04-04 11:05:54.884  INFO 13156 --- [SpringApplicationShutdownHook] com.zaxxer.hikari.HikariDataSource       : HikariPool-1 - Shutdown completed.
2023-04-04 11:13:45.939  INFO 13916 --- [main] c.a.a.service.StaffServiceTest           : Starting StaffServiceTest using Java 11.0.18 on DESKTOP-Q6CFLST with PID 13916 (started by xulili in F:\study\code\MobileAttendance\attendance_springboot)
2023-04-04 11:13:45.943  INFO 13916 --- [main] c.a.a.service.StaffServiceTest           : No active profile set, falling back to 1 default profile: "default"
2023-04-04 11:13:57.416  WARN 13916 --- [main] d.s.r.o.OperationImplicitParameterReader : Unable to interpret the implicit parameter configuration with dataType: , dataTypeClass: class java.lang.Void
2023-04-04 11:13:57.557  WARN 13916 --- [main] d.s.r.o.OperationImplicitParameterReader : Unable to interpret the implicit parameter configuration with dataType: , dataTypeClass: class java.lang.Void
2023-04-04 11:13:57.581  WARN 13916 --- [main] d.s.r.o.OperationImplicitParameterReader : Unable to interpret the implicit parameter configuration with dataType: , dataTypeClass: class java.lang.Void
2023-04-04 11:13:57.614  WARN 13916 --- [main] d.s.r.o.OperationImplicitParameterReader : Unable to interpret the implicit parameter configuration with dataType: , dataTypeClass: class java.lang.Void
2023-04-04 11:13:57.616  WARN 13916 --- [main] d.s.r.o.OperationImplicitParameterReader : Unable to interpret the implicit parameter configuration with dataType: , dataTypeClass: class java.lang.Void
2023-04-04 11:13:57.717  INFO 13916 --- [main] c.a.a.service.StaffServiceTest           : Started StaffServiceTest in 13.013 seconds (JVM running for 16.208)
2023-04-04 11:13:59.232  INFO 13916 --- [main] com.zaxxer.hikari.HikariDataSource       : HikariPool-1 - Starting...
2023-04-04 11:13:59.967  INFO 13916 --- [main] com.zaxxer.hikari.HikariDataSource       : HikariPool-1 - Start completed.
2023-04-04 11:13:59.991 DEBUG 13916 --- [main] c.a.a.m.StaffMapper.selectPage_mpCount   : ==>  Preparing: SELECT COUNT(*) FROM (SELECT s_id, d_id, s_name, s_sex, s_pwd, s_imei, s_status, s_right, s_birthday, s_hiredate FROM staff WHERE (s_status = ?) GROUP BY d_id) TOTAL
2023-04-04 11:14:00.095 DEBUG 13916 --- [main] c.a.a.m.StaffMapper.selectPage_mpCount   : ==> Parameters: 0(Integer)
2023-04-04 11:14:00.601  INFO 13916 --- [SpringApplicationShutdownHook] com.zaxxer.hikari.HikariDataSource       : HikariPool-1 - Shutdown initiated...
2023-04-04 11:14:00.648  INFO 13916 --- [SpringApplicationShutdownHook] com.zaxxer.hikari.HikariDataSource       : HikariPool-1 - Shutdown completed.
2023-04-04 11:36:56.430  INFO 10344 --- [main] c.a.a.service.StaffServiceTest           : Starting StaffServiceTest using Java 11.0.18 on DESKTOP-Q6CFLST with PID 10344 (started by xulili in F:\study\code\MobileAttendance\attendance_springboot)
2023-04-04 11:36:56.441  INFO 10344 --- [main] c.a.a.service.StaffServiceTest           : No active profile set, falling back to 1 default profile: "default"
2023-04-04 11:37:07.013  WARN 10344 --- [main] d.s.r.o.OperationImplicitParameterReader : Unable to interpret the implicit parameter configuration with dataType: , dataTypeClass: class java.lang.Void
2023-04-04 11:37:07.148  WARN 10344 --- [main] d.s.r.o.OperationImplicitParameterReader : Unable to interpret the implicit parameter configuration with dataType: , dataTypeClass: class java.lang.Void
2023-04-04 11:37:07.167  WARN 10344 --- [main] d.s.r.o.OperationImplicitParameterReader : Unable to interpret the implicit parameter configuration with dataType: , dataTypeClass: class java.lang.Void
2023-04-04 11:37:07.192  WARN 10344 --- [main] d.s.r.o.OperationImplicitParameterReader : Unable to interpret the implicit parameter configuration with dataType: , dataTypeClass: class java.lang.Void
2023-04-04 11:37:07.193  WARN 10344 --- [main] d.s.r.o.OperationImplicitParameterReader : Unable to interpret the implicit parameter configuration with dataType: , dataTypeClass: class java.lang.Void
2023-04-04 11:37:07.269  INFO 10344 --- [main] c.a.a.service.StaffServiceTest           : Started StaffServiceTest in 12.24 seconds (JVM running for 16.143)
2023-04-04 11:37:08.406  INFO 10344 --- [main] com.zaxxer.hikari.HikariDataSource       : HikariPool-1 - Starting...
2023-04-04 11:37:08.876  INFO 10344 --- [main] com.zaxxer.hikari.HikariDataSource       : HikariPool-1 - Start completed.
2023-04-04 11:37:08.896 DEBUG 10344 --- [main] c.a.a.m.StaffMapper.selectPage_mpCount   : ==>  Preparing: SELECT COUNT(*) FROM (SELECT s_id, d_id, s_name, s_sex, s_pwd, s_imei, s_status, s_right, s_birthday, s_hiredate FROM staff WHERE (s_status = ?) GROUP BY d_id) TOTAL
2023-04-04 11:37:08.964 DEBUG 10344 --- [main] c.a.a.m.StaffMapper.selectPage_mpCount   : ==> Parameters: 0(Integer)
2023-04-04 11:37:09.280  INFO 10344 --- [SpringApplicationShutdownHook] com.zaxxer.hikari.HikariDataSource       : HikariPool-1 - Shutdown initiated...
2023-04-04 11:37:09.310  INFO 10344 --- [SpringApplicationShutdownHook] com.zaxxer.hikari.HikariDataSource       : HikariPool-1 - Shutdown completed.
2023-04-04 11:40:08.527  INFO 17884 --- [main] c.a.a.service.StaffServiceTest           : Starting StaffServiceTest using Java 11.0.18 on DESKTOP-Q6CFLST with PID 17884 (started by xulili in F:\study\code\MobileAttendance\attendance_springboot)
2023-04-04 11:40:08.532  INFO 17884 --- [main] c.a.a.service.StaffServiceTest           : No active profile set, falling back to 1 default profile: "default"
2023-04-04 11:40:19.913  WARN 17884 --- [main] d.s.r.o.OperationImplicitParameterReader : Unable to interpret the implicit parameter configuration with dataType: , dataTypeClass: class java.lang.Void
2023-04-04 11:40:20.046  WARN 17884 --- [main] d.s.r.o.OperationImplicitParameterReader : Unable to interpret the implicit parameter configuration with dataType: , dataTypeClass: class java.lang.Void
2023-04-04 11:40:20.062  WARN 17884 --- [main] d.s.r.o.OperationImplicitParameterReader : Unable to interpret the implicit parameter configuration with dataType: , dataTypeClass: class java.lang.Void
2023-04-04 11:40:20.089  WARN 17884 --- [main] d.s.r.o.OperationImplicitParameterReader : Unable to interpret the implicit parameter configuration with dataType: , dataTypeClass: class java.lang.Void
2023-04-04 11:40:20.090  WARN 17884 --- [main] d.s.r.o.OperationImplicitParameterReader : Unable to interpret the implicit parameter configuration with dataType: , dataTypeClass: class java.lang.Void
2023-04-04 11:40:20.222  INFO 17884 --- [main] c.a.a.service.StaffServiceTest           : Started StaffServiceTest in 12.99 seconds (JVM running for 16.711)
2023-04-04 11:40:21.683  INFO 17884 --- [main] com.zaxxer.hikari.HikariDataSource       : HikariPool-1 - Starting...
2023-04-04 11:40:22.416  INFO 17884 --- [main] com.zaxxer.hikari.HikariDataSource       : HikariPool-1 - Start completed.
2023-04-04 11:40:22.443 DEBUG 17884 --- [main] c.a.a.m.StaffMapper.selectPage_mpCount   : ==>  Preparing: SELECT COUNT(*) AS total FROM staff WHERE (s_status = ?)
2023-04-04 11:40:22.566 DEBUG 17884 --- [main] c.a.a.m.StaffMapper.selectPage_mpCount   : ==> Parameters: 0(Integer)
2023-04-04 11:40:22.741 DEBUG 17884 --- [main] c.a.a.m.StaffMapper.selectPage_mpCount   : <==      Total: 1
2023-04-04 11:40:22.775 DEBUG 17884 --- [main] c.a.a.mapper.StaffMapper.selectPage      : ==>  Preparing: SELECT s_id,d_id,s_name,s_sex,s_pwd,s_imei,s_status,s_right,s_birthday,s_hiredate FROM staff WHERE (s_status = ?) LIMIT ?
2023-04-04 11:40:22.778 DEBUG 17884 --- [main] c.a.a.mapper.StaffMapper.selectPage      : ==> Parameters: 0(Integer), 2(Long)
2023-04-04 11:40:22.829 DEBUG 17884 --- [main] c.a.a.mapper.StaffMapper.selectPage      : <==      Total: 2
2023-04-04 11:40:23.158  INFO 17884 --- [SpringApplicationShutdownHook] com.zaxxer.hikari.HikariDataSource       : HikariPool-1 - Shutdown initiated...
2023-04-04 11:40:23.191  INFO 17884 --- [SpringApplicationShutdownHook] com.zaxxer.hikari.HikariDataSource       : HikariPool-1 - Shutdown completed.
